<?xml version="1.0" encoding="UTF-8"?>
<!-- Generated by org.testng.reporters.JUnitXMLReporter -->
<testsuite ignored="3" hostname="DESKTOP-KF4KNF8" failures="0" tests="1" name="Default test" time="107.68" errors="0" timestamp="2024-10-22T15:03:08 EET">
  <testcase classname="MyTestClass" name="AddItemToThecart" time="32.494"/>
  <testcase classname="MyTestClass" name="signUp" time="0.0">
    <ignored/>
  </testcase> <!-- signUp -->
  <testcase classname="MyTestClass" name="Login" time="0.0">
    <ignored/>
  </testcase> <!-- Login -->
  <testcase classname="MyTestClass" name="Logout" time="0.0">
    <ignored/>
  </testcase> <!-- Logout -->
</testsuite> <!-- Default test -->
