<?xml version="1.0" encoding="UTF-8"?>
<testng-results ignored="3" total="4" passed="1" failed="0" skipped="0">
  <reporter-output>
  </reporter-output>
  <suite started-at="2024-10-22T15:01:20 EET" name="Default suite" finished-at="2024-10-22T15:03:08 EET" duration-ms="107680">
    <groups>
    </groups>
    <test started-at="2024-10-22T15:01:20 EET" name="Default test" finished-at="2024-10-22T15:03:08 EET" duration-ms="107680">
      <class name="MyTestClass">
        <test-method is-config="true" signature="mySetup()[pri:0, instance:MyTestClass@4a194c39]" started-at="2024-10-22T15:01:20 EET" name="mySetup" finished-at="2024-10-22T15:02:35 EET" duration-ms="75107" status="PASS">
          <reporter-output>
          </reporter-output>
        </test-method> <!-- mySetup -->
        <test-method signature="AddItemToThecart()[pri:4, instance:MyTestClass@4a194c39]" started-at="2024-10-22T15:02:35 EET" name="AddItemToThecart" finished-at="2024-10-22T15:03:08 EET" duration-ms="32494" status="PASS">
          <reporter-output>
          </reporter-output>
        </test-method> <!-- AddItemToThecart -->
      </class> <!-- MyTestClass -->
    </test> <!-- Default test -->
  </suite> <!-- Default suite -->
</testng-results>
